  Economy.cpp
  Enemy.cpp
C:\Users\roarb\GeneticKingdom\GeneticKingdom2\Enemy.cpp(278,22): warning C4244: 'initializing': conversion from 'float' to 'int', possible loss of data
C:\Users\roarb\GeneticKingdom\GeneticKingdom2\Enemy.cpp(440,57): warning C4244: 'argument': conversion from 'double' to 'float', possible loss of data
C:\Users\roarb\GeneticKingdom\GeneticKingdom2\Enemy.cpp(473,78): warning C4244: 'argument': conversion from 'int' to 'float', possible loss of data
C:\Users\roarb\GeneticKingdom\GeneticKingdom2\Enemy.cpp(473,73): warning C4244: 'argument': conversion from 'int' to 'float', possible loss of data
C:\Users\roarb\GeneticKingdom\GeneticKingdom2\Enemy.cpp(473,46): warning C4244: 'argument': conversion from 'int' to 'float', possible loss of data
C:\Users\roarb\GeneticKingdom\GeneticKingdom2\Enemy.cpp(473,34): warning C4244: '=': conversion from 'float' to 'int', possible loss of data
C:\Users\roarb\GeneticKingdom\GeneticKingdom2\Enemy.cpp(480,49): warning C4244: 'argument': conversion from 'double' to 'float', possible loss of data
  GeneticAlgorithm.cpp
C:\Users\roarb\GeneticKingdom\GeneticKingdom2\GeneticAlgorithm.cpp(211,27): warning C4244: 'initializing': conversion from 'double' to 'int', possible loss of data
  GeneticKingdom2.cpp
  Map.cpp
  Projectile.cpp
  Tower.cpp
C:\Users\roarb\GeneticKingdom\GeneticKingdom2\Tower.cpp(304,22): warning C4244: 'initializing': conversion from 'int' to 'float', possible loss of data
C:\Users\roarb\GeneticKingdom\GeneticKingdom2\Tower.cpp(316,26): warning C4244: 'initializing': conversion from 'int' to 'float', possible loss of data
C:\Users\roarb\GeneticKingdom\GeneticKingdom2\Tower.cpp(317,26): warning C4244: 'initializing': conversion from 'int' to 'float', possible loss of data
  Generating Code...
  GeneticKingdom2.vcxproj -> C:\Users\roarb\GeneticKingdom\x64\Debug\GeneticKingdom2.exe
